{
  "RSpec": {
    "coverage": {
      "/Users/campuscode6/Leonardo/projetos/emprego-ja/app/helpers/application_helper.rb": [
        1,
        null
      ],
      "/Users/campuscode6/Leonardo/projetos/emprego-ja/app/models/job.rb": [
        1,
        1,
        1,
        1,
        null
      ],
      "/Users/campuscode6/Leonardo/projetos/emprego-ja/app/models/application_record.rb": [
        1,
        1,
        null
      ],
      "/Users/campuscode6/Leonardo/projetos/emprego-ja/app/models/company.rb": [
        1,
        1,
        null,
        null
      ],
      "/Users/campuscode6/Leonardo/projetos/emprego-ja/app/controllers/companies_controller.rb": [
        1,
        null,
        1,
        4,
        4,
        4,
        3,
        null,
        null,
        null,
        1,
        1,
        null,
        null,
        1,
        1,
        1,
        null,
        null
      ],
      "/Users/campuscode6/Leonardo/projetos/emprego-ja/app/controllers/application_controller.rb": [
        1,
        1,
        null
      ],
      "/Users/campuscode6/Leonardo/projetos/emprego-ja/app/models/category.rb": [
        1,
        1,
        null
      ],
      "/Users/campuscode6/Leonardo/projetos/emprego-ja/app/controllers/jobs_controller.rb": [
        1,
        1,
        1,
        null,
        1,
        null,
        null,
        1,
        3,
        null,
        null,
        1,
        3,
        3,
        2,
        null,
        1,
        1,
        1,
        null,
        null,
        null,
        1,
        null,
        null,
        1,
        3,
        2,
        null,
        1,
        1,
        1,
        null,
        null,
        null,
        1,
        1,
        6,
        null,
        null,
        1,
        8,
        8,
        null,
        null,
        1,
        12,
        null,
        null
      ],
      "/Users/campuscode6/Leonardo/projetos/emprego-ja/app/controllers/home_controller.rb": [
        1,
        null,
        1,
        11,
        11,
        11,
        null,
        null,
        null,
        null,
        null
      ],
      "/Users/campuscode6/Leonardo/projetos/emprego-ja/app/controllers/categories_controller.rb": [
        1,
        null,
        1,
        3,
        3,
        3,
        1,
        null,
        null,
        null,
        null
      ],
      "/Users/campuscode6/Leonardo/projetos/emprego-ja/app/channels/application_cable/channel.rb": [
        0,
        0,
        0,
        0
      ],
      "/Users/campuscode6/Leonardo/projetos/emprego-ja/app/channels/application_cable/connection.rb": [
        0,
        0,
        0,
        0
      ],
      "/Users/campuscode6/Leonardo/projetos/emprego-ja/app/jobs/application_job.rb": [
        0,
        0
      ],
      "/Users/campuscode6/Leonardo/projetos/emprego-ja/app/mailers/application_mailer.rb": [
        0,
        0,
        0,
        0
      ]
    },
    "timestamp": 1468450248
  }
}
