{
  "RSpec": {
    "coverage": {
      "/Users/campuscode6/Leonardo/projetos/emprego-ja/app/helpers/application_helper.rb": [
        1,
        null
      ],
      "/Users/campuscode6/Leonardo/projetos/emprego-ja/app/models/job.rb": [
        1,
        null
      ],
      "/Users/campuscode6/Leonardo/projetos/emprego-ja/app/models/application_record.rb": [
        1,
        1,
        null
      ],
      "/Users/campuscode6/Leonardo/projetos/emprego-ja/app/controllers/home_controller.rb": [
        1,
        null,
        1,
        5,
        null,
        null,
        null,
        null,
        null
      ],
      "/Users/campuscode6/Leonardo/projetos/emprego-ja/app/controllers/application_controller.rb": [
        1,
        1,
        null
      ],
      "/Users/campuscode6/Leonardo/projetos/emprego-ja/app/controllers/jobs_controller.rb": [
        1,
        null,
        1,
        2,
        null,
        null
      ],
      "/Users/campuscode6/Leonardo/projetos/emprego-ja/app/channels/application_cable/channel.rb": [
        0,
        0,
        0,
        0
      ],
      "/Users/campuscode6/Leonardo/projetos/emprego-ja/app/channels/application_cable/connection.rb": [
        0,
        0,
        0,
        0
      ],
      "/Users/campuscode6/Leonardo/projetos/emprego-ja/app/jobs/application_job.rb": [
        0,
        0
      ],
      "/Users/campuscode6/Leonardo/projetos/emprego-ja/app/mailers/application_mailer.rb": [
        0,
        0,
        0,
        0
      ]
    },
    "timestamp": 1467933305
  }
}
